2022-05-27 20:38:42,479 p=7496 u=ansiuser n=ansible | playbook: playbook.yaml
2022-05-27 20:38:49,713 p=7509 u=ansiuser n=ansible | PLAY [wpserver] ****************************************************************************************************************************************************************************************************
2022-05-27 20:38:49,724 p=7509 u=ansiuser n=ansible | ERROR! vars file vars/default.yaml was not found
Could not find file on the Ansible Controller.
If you are using a module and expect the file to exist on the remote, see the remote_src option
2022-05-27 20:39:35,563 p=7559 u=ansiuser n=ansible | PLAY [wpserver] ****************************************************************************************************************************************************************************************************
2022-05-27 20:39:35,572 p=7559 u=ansiuser n=ansible | TASK [Gathering Facts] *********************************************************************************************************************************************************************************************
2022-05-27 20:39:38,284 p=7559 u=ansiuser n=ansible | ok: [worker2]
2022-05-27 20:39:38,298 p=7559 u=ansiuser n=ansible | TASK [Install required packages (Apache, MySQL, python3, PHP)] *****************************************************************************************************************************************************
2022-05-27 20:40:00,953 p=7559 u=ansiuser n=ansible | changed: [worker2] => (item=apache2)
2022-05-27 20:40:41,187 p=7559 u=ansiuser n=ansible | changed: [worker2] => (item=mysql-server)
2022-05-27 20:40:43,391 p=7559 u=ansiuser n=ansible | ok: [worker2] => (item=python3-pymysql)
2022-05-27 20:41:08,164 p=7559 u=ansiuser n=ansible | changed: [worker2] => (item=php)
2022-05-27 20:41:22,025 p=7559 u=ansiuser n=ansible | changed: [worker2] => (item=php-mysql)
2022-05-27 20:41:34,701 p=7559 u=ansiuser n=ansible | changed: [worker2] => (item=libapache2-mod-php)
2022-05-27 20:41:34,732 p=7559 u=ansiuser n=ansible | TASK [Install the PHP dependancies] ********************************************************************************************************************************************************************************
2022-05-27 20:41:47,966 p=7559 u=ansiuser n=ansible | changed: [worker2] => (item=php-curl)
2022-05-27 20:42:01,159 p=7559 u=ansiuser n=ansible | changed: [worker2] => (item=php-gd)
2022-05-27 20:42:16,001 p=7559 u=ansiuser n=ansible | changed: [worker2] => (item=php-mbstring)
2022-05-27 20:42:30,807 p=7559 u=ansiuser n=ansible | changed: [worker2] => (item=php-xml)
2022-05-27 20:42:44,100 p=7559 u=ansiuser n=ansible | changed: [worker2] => (item=php-xmlrpc)
2022-05-27 20:42:57,280 p=7559 u=ansiuser n=ansible | changed: [worker2] => (item=php-soap)
2022-05-27 20:43:12,533 p=7559 u=ansiuser n=ansible | changed: [worker2] => (item=php-intl)
2022-05-27 20:43:27,507 p=7559 u=ansiuser n=ansible | changed: [worker2] => (item=php-zip)
2022-05-27 20:43:27,522 p=7559 u=ansiuser n=ansible | TASK [Create document root] ****************************************************************************************************************************************************************************************
2022-05-27 20:43:28,104 p=7559 u=ansiuser n=ansible | changed: [worker2]
2022-05-27 20:43:28,115 p=7559 u=ansiuser n=ansible | TASK [Set up Apache 'VirtualHost'] *********************************************************************************************************************************************************************************
2022-05-27 20:43:29,093 p=7559 u=ansiuser n=ansible | changed: [worker2]
2022-05-27 20:43:29,102 p=7559 u=ansiuser n=ansible | TASK [Enable rewrite module] ***************************************************************************************************************************************************************************************
2022-05-27 20:43:29,621 p=7559 u=ansiuser n=ansible | changed: [worker2]
2022-05-27 20:43:29,630 p=7559 u=ansiuser n=ansible | TASK [Enable new site] *********************************************************************************************************************************************************************************************
2022-05-27 20:43:29,998 p=7559 u=ansiuser n=ansible | changed: [worker2]
2022-05-27 20:43:30,006 p=7559 u=ansiuser n=ansible | TASK [Disable default Apache site] *********************************************************************************************************************************************************************************
2022-05-27 20:43:30,393 p=7559 u=ansiuser n=ansible | changed: [worker2]
2022-05-27 20:43:30,403 p=7559 u=ansiuser n=ansible | TASK [Set the root password] ***************************************************************************************************************************************************************************************
2022-05-27 20:43:31,082 p=7559 u=ansiuser n=ansible | changed: [worker2]
2022-05-27 20:43:31,092 p=7559 u=ansiuser n=ansible | TASK [Creates database for WordPress] ******************************************************************************************************************************************************************************
2022-05-27 20:43:31,913 p=7559 u=ansiuser n=ansible | changed: [worker2]
2022-05-27 20:43:31,922 p=7559 u=ansiuser n=ansible | TASK [Create MySQL user for WordPress] *****************************************************************************************************************************************************************************
2022-05-27 20:43:32,288 p=7559 u=ansiuser n=ansible | changed: [worker2]
2022-05-27 20:43:32,299 p=7559 u=ansiuser n=ansible | TASK [Firewall config for HTTP on port 80] *************************************************************************************************************************************************************************
2022-05-27 20:43:33,122 p=7559 u=ansiuser n=ansible | ok: [worker2]
2022-05-27 20:43:33,134 p=7559 u=ansiuser n=ansible | TASK [Download and unzip latest WordPress package] *****************************************************************************************************************************************************************
2022-05-27 20:43:36,940 p=7559 u=ansiuser n=ansible | changed: [worker2]
2022-05-27 20:43:36,952 p=7559 u=ansiuser n=ansible | TASK [Set the owner for the new host directory] ********************************************************************************************************************************************************************
2022-05-27 20:43:37,474 p=7559 u=ansiuser n=ansible | changed: [worker2]
2022-05-27 20:43:37,532 p=7559 u=ansiuser n=ansible | TASK [Set new permissions for wordpress directory] *****************************************************************************************************************************************************************
2022-05-27 20:43:38,135 p=7559 u=ansiuser n=ansible | changed: [worker2]
2022-05-27 20:43:38,145 p=7559 u=ansiuser n=ansible | TASK [Set permissions for files withing the wordpress directory] ***************************************************************************************************************************************************
2022-05-27 20:43:40,773 p=7559 u=ansiuser n=ansible | changed: [worker2]
2022-05-27 20:43:40,789 p=7559 u=ansiuser n=ansible | TASK [Deploy the custom wp-config j2 file] *************************************************************************************************************************************************************************
2022-05-27 20:43:41,412 p=7559 u=ansiuser n=ansible | changed: [worker2]
2022-05-27 20:43:41,421 p=7559 u=ansiuser n=ansible | RUNNING HANDLER [ReloadApache] *************************************************************************************************************************************************************************************
2022-05-27 20:43:42,506 p=7559 u=ansiuser n=ansible | changed: [worker2]
2022-05-27 20:43:42,507 p=7559 u=ansiuser n=ansible | RUNNING HANDLER [RestartApache] ************************************************************************************************************************************************************************************
2022-05-27 20:43:43,381 p=7559 u=ansiuser n=ansible | changed: [worker2]
2022-05-27 20:43:43,396 p=7559 u=ansiuser n=ansible | PLAY RECAP *********************************************************************************************************************************************************************************************************
2022-05-27 20:43:43,396 p=7559 u=ansiuser n=ansible | worker2                    : ok=19   changed=17   unreachable=0    failed=0    skipped=0    rescued=0    ignored=0   
2022-05-27 20:52:18,221 p=8438 u=ansiuser n=ansible | worker2 | SUCCESS => {
    "ansible_facts": {
        "discovered_interpreter_python": "/usr/bin/python3"
    },
    "changed": false,
    "ping": "pong"
}
